Fecha: Fri May 27 13:24:55 CEST 2022
Fecha: Fri May 27 13:28:22 CEST 2022
El puerto de escucha de apache es: 80
Fecha: Fri May 27 13:33:08 CEST 2022
El puerto de escucha de apache es: 80
Fecha: Fri May 27 13:44:08 CEST 2022
El puerto de escucha de apache es: 80
Fecha: Fri May 27 16:54:46 CEST 2022
El puerto de escucha de apache es: 80
Fecha: Fri May 27 16:55:12 CEST 2022
El puerto de escucha de apache es: 82
Fecha: Fri May 27 16:56:45 CEST 2022
El puerto de escucha de apache es: 82
Fecha: Fri May 27 16:57:33 CEST 2022
El puerto de escucha de apache es: 82
Fecha: Fri May 27 16:57:48 CEST 2022
El puerto de escucha de apache es: 84
Fecha: Fri May 27 16:59:43 CEST 2022
El puerto de escucha de apache es: 84
Fecha: Fri May 27 17:01:32 CEST 2022
El puerto de escucha de apache es: 84
Fecha: Fri May 27 17:02:35 CEST 2022
El puerto de escucha de apache es: 84
Fecha: Fri May 27 17:04:45 CEST 2022
El puerto de escucha de apache es: 84
Fecha: Fri May 27 17:05:47 CEST 2022
El puerto de escucha de apache es: 84
Fecha: Fri May 27 17:06:15 CEST 2022
El puerto de escucha de apache es: 84
Fecha: Fri May 27 17:08:10 CEST 2022
El puerto de escucha de apache es: 84
Fecha: Fri May 27 17:10:10 CEST 2022
El puerto de escucha de apache es: 84
Fecha: Fri May 27 17:10:48 CEST 2022
El puerto de escucha de apache es: 84
Fecha: Sat May 28 18:11:54 CEST 2022
El puerto de escucha de apache es: 84
Fecha: Sat May 28 18:13:32 CEST 2022
El puerto de escucha de apache es: 84
Fecha: Sat May 28 18:15:20 CEST 2022
El puerto de escucha de apache es: 84
Fecha: Sat May 28 18:20:45 CEST 2022
El puerto de escucha de apache es: 84
Fecha: Sat May 28 18:22:39 CEST 2022
El puerto de escucha de apache es: 84
Fecha: Sat May 28 18:23:16 CEST 2022
El puerto de escucha de apache es: 84
Fecha: Sat May 28 18:31:36 CEST 2022
El puerto de escucha de apache es: 84
Fecha: Tue May 31 13:33:45 CEST 2022
El puerto de escucha de nginx es: 80
Fecha: Tue May 31 13:38:24 CEST 2022
El puerto de escucha de nginx es: 80
Fecha: Tue May 31 13:53:02 CEST 2022
El puerto de escucha de nginx es: 80
Fecha: Tue May 31 13:59:02 CEST 2022
El puerto de escucha de nginx es: 80
Fecha: Tue May 31 14:07:12 CEST 2022
El puerto de escucha de apache es: 80
Fecha: Tue May 31 14:09:11 CEST 2022
El puerto de escucha de apache es: 80
